[2025-08-16 09:16:31] To: touhid5769@gmail.com | Subject: Urgent: Blood Request for A+ - critical priority
Body:

        <!DOCTYPE html>
        <html>
        <head>
            <meta charset='UTF-8'>
            <meta name='viewport' content='width=device-width, initial-scale=1.0'>
            <title>Souls Blood Donation</title>
            <style>
                body { font-family: Arial, sans-serif; line-height: 1.6; color: #333; }
                .container { max-width: 600px; margin: 0 auto; padding: 20px; }
                .header { background: #dc3545; color: white; padding: 20px; text-align: center; }
                .content { padding: 20px; background: #f8f9fa; }
                .footer { text-align: center; padding: 20px; color: #666; font-size: 12px; }
                .btn { display: inline-block; padding: 10px 20px; background: #dc3545; color: white; text-decoration: none; border-radius: 5px; }
                .urgent { background: #dc3545; color: white; padding: 10px; border-radius: 5px; margin: 10px 0; }
                .info { background: #17a2b8; color: white; padding: 10px; border-radius: 5px; margin: 10px 0; }
            </style>
        </head>
        <body>
            <div class='container'>
                <div class='header'>
                    <h1>🩸 Souls Blood Donation</h1>
                    <p>Connecting donors with those in need</p>
                </div>
                <div class='content'>
                    
        <h2>🩸 Urgent Blood Request</h2>
        <div class='urgent'>
            <strong>Critical Priority Request</strong><br>
            Blood Group: <strong>A+</strong>
        </div>
        
        <h3>Request Details:</h3>
        <ul>
            <li><strong>Requester:</strong> akash pagla</li>
            <li><strong>Location:</strong> Ashulia</li>
            <li><strong>Required Date:</strong> August 16, 2025</li>
            <li><strong>Contact:</strong> 09183389247</li>
        </ul>
        
        <p>Hello touhid,</p>
        <p>We have an urgent blood request that matches your blood type (A+). 
        Someone in your area needs your help!</p>
        
        <p><strong>Can you help?</strong></p>
        
        <div style='text-align: center; margin: 30px 0;'>
            <a href='http://localhost:8000/request/details/9' class='btn'>
                View Request Details & Respond
            </a>
        </div>
        
        <p><strong>Important:</strong></p>
        <ul>
            <li>Please ensure you are eligible to donate blood</li>
            <li>Contact the requester directly to coordinate the donation</li>
            <li>Meet in a safe, public location or at a recognized blood donation center</li>
        </ul>
        
        <p>Thank you for your generosity and for helping save lives!</p>
                </div>
                <div class='footer'>
                    <p>This email was sent from Souls Blood Donation Website</p>
                    <p>If you have any questions, please contact our support team</p>
                </div>
            </div>
        </body>
        </html>
--------------------------------------------------------------------------------
[2025-08-16 09:16:31] To: jihanurrahman33@gmail.com | Subject: Your blood request has been posted
Body:

        <!DOCTYPE html>
        <html>
        <head>
            <meta charset='UTF-8'>
            <meta name='viewport' content='width=device-width, initial-scale=1.0'>
            <title>Souls Blood Donation</title>
            <style>
                body { font-family: Arial, sans-serif; line-height: 1.6; color: #333; }
                .container { max-width: 600px; margin: 0 auto; padding: 20px; }
                .header { background: #dc3545; color: white; padding: 20px; text-align: center; }
                .content { padding: 20px; background: #f8f9fa; }
                .footer { text-align: center; padding: 20px; color: #666; font-size: 12px; }
                .btn { display: inline-block; padding: 10px 20px; background: #dc3545; color: white; text-decoration: none; border-radius: 5px; }
                .urgent { background: #dc3545; color: white; padding: 10px; border-radius: 5px; margin: 10px 0; }
                .info { background: #17a2b8; color: white; padding: 10px; border-radius: 5px; margin: 10px 0; }
            </style>
        </head>
        <body>
            <div class='container'>
                <div class='header'>
                    <h1>🩸 Souls Blood Donation</h1>
                    <p>Connecting donors with those in need</p>
                </div>
                <div class='content'>
                    
        <h2>✅ Your Blood Request Has Been Posted</h2>
        
        <p>Hello,</p>
        <p>Your blood request has been successfully posted on our platform. 
        We'll notify donors with matching blood types about your need.</p>
        
        <h3>Request Summary:</h3>
        <ul>
            <li><strong>Blood Group:</strong> A+</li>
            <li><strong>Location:</strong> Ashulia</li>
            <li><strong>Urgency:</strong> Critical</li>
            <li><strong>Required Date:</strong> August 16, 2025</li>
        </ul>
        
        <p>We'll keep you updated on any responses from potential donors. 
        You can also check the status of your request on our website.</p>
        
        <div style='text-align: center; margin: 30px 0;'>
            <a href='http://localhost:8000/request/details/9' class='btn'>
                View Your Request
            </a>
        </div>
        
        <p>Thank you for using Souls Blood Donation!</p>
                </div>
                <div class='footer'>
                    <p>This email was sent from Souls Blood Donation Website</p>
                    <p>If you have any questions, please contact our support team</p>
                </div>
            </div>
        </body>
        </html>
--------------------------------------------------------------------------------
[2025-08-16 09:18:36] To: jihanurrahman33@gmail.com | Subject: Urgent: Blood Request for O+ - medium priority
Body:

        <!DOCTYPE html>
        <html>
        <head>
            <meta charset='UTF-8'>
            <meta name='viewport' content='width=device-width, initial-scale=1.0'>
            <title>Souls Blood Donation</title>
            <style>
                body { font-family: Arial, sans-serif; line-height: 1.6; color: #333; }
                .container { max-width: 600px; margin: 0 auto; padding: 20px; }
                .header { background: #dc3545; color: white; padding: 20px; text-align: center; }
                .content { padding: 20px; background: #f8f9fa; }
                .footer { text-align: center; padding: 20px; color: #666; font-size: 12px; }
                .btn { display: inline-block; padding: 10px 20px; background: #dc3545; color: white; text-decoration: none; border-radius: 5px; }
                .urgent { background: #dc3545; color: white; padding: 10px; border-radius: 5px; margin: 10px 0; }
                .info { background: #17a2b8; color: white; padding: 10px; border-radius: 5px; margin: 10px 0; }
            </style>
        </head>
        <body>
            <div class='container'>
                <div class='header'>
                    <h1>🩸 Souls Blood Donation</h1>
                    <p>Connecting donors with those in need</p>
                </div>
                <div class='content'>
                    
        <h2>🩸 Urgent Blood Request</h2>
        <div class='info'>
            <strong>Medium Priority Request</strong><br>
            Blood Group: <strong>O+</strong>
        </div>
        
        <h3>Request Details:</h3>
        <ul>
            <li><strong>Requester:</strong> touhid</li>
            <li><strong>Location:</strong> gggg</li>
            <li><strong>Required Date:</strong> August 16, 2025</li>
            <li><strong>Contact:</strong> 8576567567567</li>
        </ul>
        
        <p>Hello Md Jihanur,</p>
        <p>We have an urgent blood request that matches your blood type (O+). 
        Someone in your area needs your help!</p>
        
        <p><strong>Can you help?</strong></p>
        
        <div style='text-align: center; margin: 30px 0;'>
            <a href='http://localhost:8000/request/details/10' class='btn'>
                View Request Details & Respond
            </a>
        </div>
        
        <p><strong>Important:</strong></p>
        <ul>
            <li>Please ensure you are eligible to donate blood</li>
            <li>Contact the requester directly to coordinate the donation</li>
            <li>Meet in a safe, public location or at a recognized blood donation center</li>
        </ul>
        
        <p>Thank you for your generosity and for helping save lives!</p>
                </div>
                <div class='footer'>
                    <p>This email was sent from Souls Blood Donation Website</p>
                    <p>If you have any questions, please contact our support team</p>
                </div>
            </div>
        </body>
        </html>
--------------------------------------------------------------------------------
[2025-08-16 09:18:36] To: firoz123@gmail.com | Subject: Urgent: Blood Request for O+ - medium priority
Body:

        <!DOCTYPE html>
        <html>
        <head>
            <meta charset='UTF-8'>
            <meta name='viewport' content='width=device-width, initial-scale=1.0'>
            <title>Souls Blood Donation</title>
            <style>
                body { font-family: Arial, sans-serif; line-height: 1.6; color: #333; }
                .container { max-width: 600px; margin: 0 auto; padding: 20px; }
                .header { background: #dc3545; color: white; padding: 20px; text-align: center; }
                .content { padding: 20px; background: #f8f9fa; }
                .footer { text-align: center; padding: 20px; color: #666; font-size: 12px; }
                .btn { display: inline-block; padding: 10px 20px; background: #dc3545; color: white; text-decoration: none; border-radius: 5px; }
                .urgent { background: #dc3545; color: white; padding: 10px; border-radius: 5px; margin: 10px 0; }
                .info { background: #17a2b8; color: white; padding: 10px; border-radius: 5px; margin: 10px 0; }
            </style>
        </head>
        <body>
            <div class='container'>
                <div class='header'>
                    <h1>🩸 Souls Blood Donation</h1>
                    <p>Connecting donors with those in need</p>
                </div>
                <div class='content'>
                    
        <h2>🩸 Urgent Blood Request</h2>
        <div class='info'>
            <strong>Medium Priority Request</strong><br>
            Blood Group: <strong>O+</strong>
        </div>
        
        <h3>Request Details:</h3>
        <ul>
            <li><strong>Requester:</strong> touhid</li>
            <li><strong>Location:</strong> gggg</li>
            <li><strong>Required Date:</strong> August 16, 2025</li>
            <li><strong>Contact:</strong> 8576567567567</li>
        </ul>
        
        <p>Hello Firoz,</p>
        <p>We have an urgent blood request that matches your blood type (O+). 
        Someone in your area needs your help!</p>
        
        <p><strong>Can you help?</strong></p>
        
        <div style='text-align: center; margin: 30px 0;'>
            <a href='http://localhost:8000/request/details/10' class='btn'>
                View Request Details & Respond
            </a>
        </div>
        
        <p><strong>Important:</strong></p>
        <ul>
            <li>Please ensure you are eligible to donate blood</li>
            <li>Contact the requester directly to coordinate the donation</li>
            <li>Meet in a safe, public location or at a recognized blood donation center</li>
        </ul>
        
        <p>Thank you for your generosity and for helping save lives!</p>
                </div>
                <div class='footer'>
                    <p>This email was sent from Souls Blood Donation Website</p>
                    <p>If you have any questions, please contact our support team</p>
                </div>
            </div>
        </body>
        </html>
--------------------------------------------------------------------------------
[2025-08-16 09:18:36] To: touhid5769@gmail.com | Subject: Your blood request has been posted
Body:

        <!DOCTYPE html>
        <html>
        <head>
            <meta charset='UTF-8'>
            <meta name='viewport' content='width=device-width, initial-scale=1.0'>
            <title>Souls Blood Donation</title>
            <style>
                body { font-family: Arial, sans-serif; line-height: 1.6; color: #333; }
                .container { max-width: 600px; margin: 0 auto; padding: 20px; }
                .header { background: #dc3545; color: white; padding: 20px; text-align: center; }
                .content { padding: 20px; background: #f8f9fa; }
                .footer { text-align: center; padding: 20px; color: #666; font-size: 12px; }
                .btn { display: inline-block; padding: 10px 20px; background: #dc3545; color: white; text-decoration: none; border-radius: 5px; }
                .urgent { background: #dc3545; color: white; padding: 10px; border-radius: 5px; margin: 10px 0; }
                .info { background: #17a2b8; color: white; padding: 10px; border-radius: 5px; margin: 10px 0; }
            </style>
        </head>
        <body>
            <div class='container'>
                <div class='header'>
                    <h1>🩸 Souls Blood Donation</h1>
                    <p>Connecting donors with those in need</p>
                </div>
                <div class='content'>
                    
        <h2>✅ Your Blood Request Has Been Posted</h2>
        
        <p>Hello,</p>
        <p>Your blood request has been successfully posted on our platform. 
        We'll notify donors with matching blood types about your need.</p>
        
        <h3>Request Summary:</h3>
        <ul>
            <li><strong>Blood Group:</strong> O+</li>
            <li><strong>Location:</strong> gggg</li>
            <li><strong>Urgency:</strong> Medium</li>
            <li><strong>Required Date:</strong> August 16, 2025</li>
        </ul>
        
        <p>We'll keep you updated on any responses from potential donors. 
        You can also check the status of your request on our website.</p>
        
        <div style='text-align: center; margin: 30px 0;'>
            <a href='http://localhost:8000/request/details/10' class='btn'>
                View Your Request
            </a>
        </div>
        
        <p>Thank you for using Souls Blood Donation!</p>
                </div>
                <div class='footer'>
                    <p>This email was sent from Souls Blood Donation Website</p>
                    <p>If you have any questions, please contact our support team</p>
                </div>
            </div>
        </body>
        </html>
--------------------------------------------------------------------------------
2025-08-16 11:12:06 | Subject: Urgent Blood Request - B+ needed in Ashyukua | To: admin@blooddonation.com | Result: FAILED
2025-08-16 11:12:59 | Subject: Urgent Blood Request - B+ needed in Ashyukua | To: admin@blooddonation.com | Result: SUCCESS | Mode: DEVELOPMENT
